mode: atomic
github.com/MiltonJ23/Kliops/internal/adapters/google_workspace/workspace_adapter.go:24.101,28.43 3 0
github.com/MiltonJ23/Kliops/internal/adapters/google_workspace/workspace_adapter.go:28.43,30.4 1 0
github.com/MiltonJ23/Kliops/internal/adapters/google_workspace/workspace_adapter.go:32.3,33.41 2 0
github.com/MiltonJ23/Kliops/internal/adapters/google_workspace/workspace_adapter.go:33.41,35.4 1 0
github.com/MiltonJ23/Kliops/internal/adapters/google_workspace/workspace_adapter.go:37.3,40.8 1 0
github.com/MiltonJ23/Kliops/internal/adapters/google_workspace/workspace_adapter.go:44.172,53.33 3 0
github.com/MiltonJ23/Kliops/internal/adapters/google_workspace/workspace_adapter.go:53.33,55.3 1 0
github.com/MiltonJ23/Kliops/internal/adapters/google_workspace/workspace_adapter.go:57.2,57.24 1 0
github.com/MiltonJ23/Kliops/internal/adapters/google_workspace/workspace_adapter.go:57.24,59.35 2 0
github.com/MiltonJ23/Kliops/internal/adapters/google_workspace/workspace_adapter.go:59.35,70.4 1 0
github.com/MiltonJ23/Kliops/internal/adapters/google_workspace/workspace_adapter.go:71.3,76.39 3 0
github.com/MiltonJ23/Kliops/internal/adapters/google_workspace/workspace_adapter.go:76.39,78.4 1 0
github.com/MiltonJ23/Kliops/internal/adapters/google_workspace/workspace_adapter.go:81.2,82.32 2 0
github.com/MiltonJ23/Kliops/internal/adapters/google_workspace/workspace_adapter.go:86.99,94.57 3 0
github.com/MiltonJ23/Kliops/internal/adapters/google_workspace/workspace_adapter.go:94.57,96.3 1 0
github.com/MiltonJ23/Kliops/internal/adapters/google_workspace/workspace_adapter.go:97.2,97.12 1 0
github.com/MiltonJ23/Kliops/internal/adapters/agent/multi_agent.go:61.23,63.2 1 0
github.com/MiltonJ23/Kliops/internal/adapters/agent/multi_agent.go:71.23,72.17 1 0
github.com/MiltonJ23/Kliops/internal/adapters/agent/multi_agent.go:72.17,74.3 1 0
github.com/MiltonJ23/Kliops/internal/adapters/agent/multi_agent.go:75.2,84.3 3 0
github.com/MiltonJ23/Kliops/internal/adapters/agent/multi_agent.go:89.62,134.2 1 0
github.com/MiltonJ23/Kliops/internal/adapters/agent/multi_agent.go:141.93,142.14 1 0
github.com/MiltonJ23/Kliops/internal/adapters/agent/multi_agent.go:144.26,146.65 2 0
github.com/MiltonJ23/Kliops/internal/adapters/agent/multi_agent.go:146.65,148.4 1 0
github.com/MiltonJ23/Kliops/internal/adapters/agent/multi_agent.go:149.3,150.17 2 0
github.com/MiltonJ23/Kliops/internal/adapters/agent/multi_agent.go:150.17,152.4 1 0
github.com/MiltonJ23/Kliops/internal/adapters/agent/multi_agent.go:153.3,153.16 1 0
github.com/MiltonJ23/Kliops/internal/adapters/agent/multi_agent.go:155.19,157.65 2 0
github.com/MiltonJ23/Kliops/internal/adapters/agent/multi_agent.go:157.65,159.4 1 0
github.com/MiltonJ23/Kliops/internal/adapters/agent/multi_agent.go:160.3,161.17 2 0
github.com/MiltonJ23/Kliops/internal/adapters/agent/multi_agent.go:161.17,163.4 1 0
github.com/MiltonJ23/Kliops/internal/adapters/agent/multi_agent.go:164.3,169.21 2 0
github.com/MiltonJ23/Kliops/internal/adapters/agent/multi_agent.go:171.27,173.65 2 0
github.com/MiltonJ23/Kliops/internal/adapters/agent/multi_agent.go:173.65,175.4 1 0
github.com/MiltonJ23/Kliops/internal/adapters/agent/multi_agent.go:176.3,177.17 2 0
github.com/MiltonJ23/Kliops/internal/adapters/agent/multi_agent.go:177.17,179.4 1 0
github.com/MiltonJ23/Kliops/internal/adapters/agent/multi_agent.go:180.3,181.21 2 0
github.com/MiltonJ23/Kliops/internal/adapters/agent/multi_agent.go:183.10,184.43 1 0
github.com/MiltonJ23/Kliops/internal/adapters/agent/multi_agent.go:218.86,225.41 3 0
github.com/MiltonJ23/Kliops/internal/adapters/agent/multi_agent.go:225.41,231.17 2 0
github.com/MiltonJ23/Kliops/internal/adapters/agent/multi_agent.go:231.17,233.4 1 0
github.com/MiltonJ23/Kliops/internal/adapters/agent/multi_agent.go:235.3,235.29 1 0
github.com/MiltonJ23/Kliops/internal/adapters/agent/multi_agent.go:235.29,237.4 1 0
github.com/MiltonJ23/Kliops/internal/adapters/agent/multi_agent.go:239.3,245.39 3 0
github.com/MiltonJ23/Kliops/internal/adapters/agent/multi_agent.go:245.39,246.34 1 0
github.com/MiltonJ23/Kliops/internal/adapters/agent/multi_agent.go:246.34,248.5 1 0
github.com/MiltonJ23/Kliops/internal/adapters/agent/multi_agent.go:249.4,249.36 1 0
github.com/MiltonJ23/Kliops/internal/adapters/agent/multi_agent.go:253.3,253.45 1 0
github.com/MiltonJ23/Kliops/internal/adapters/agent/multi_agent.go:253.45,264.4 3 0
github.com/MiltonJ23/Kliops/internal/adapters/agent/multi_agent.go:267.2,267.157 1 0
github.com/MiltonJ23/Kliops/internal/adapters/agent/multi_agent.go:274.66,280.2 1 0
github.com/MiltonJ23/Kliops/internal/adapters/agent/multi_agent.go:282.49,284.2 1 0
github.com/MiltonJ23/Kliops/internal/adapters/agent/multi_agent.go:286.67,288.2 1 0
github.com/MiltonJ23/Kliops/internal/adapters/agent/multi_agent.go:290.52,296.2 1 0
github.com/MiltonJ23/Kliops/internal/adapters/agent/multi_agent.go:299.33,302.2 2 0
github.com/MiltonJ23/Kliops/internal/adapters/llm/gemma_extractor.go:24.86,31.2 1 0
github.com/MiltonJ23/Kliops/internal/adapters/llm/gemma_extractor.go:38.46,40.40 2 0
github.com/MiltonJ23/Kliops/internal/adapters/llm/gemma_extractor.go:40.40,44.3 3 0
github.com/MiltonJ23/Kliops/internal/adapters/llm/gemma_extractor.go:46.2,46.28 1 0
github.com/MiltonJ23/Kliops/internal/adapters/llm/gemma_extractor.go:46.28,48.3 1 0
github.com/MiltonJ23/Kliops/internal/adapters/llm/gemma_extractor.go:49.2,49.59 1 0
github.com/MiltonJ23/Kliops/internal/adapters/llm/gemma_extractor.go:52.73,53.22 1 0
github.com/MiltonJ23/Kliops/internal/adapters/llm/gemma_extractor.go:53.22,55.3 1 0
github.com/MiltonJ23/Kliops/internal/adapters/llm/gemma_extractor.go:56.2,61.29 3 0
github.com/MiltonJ23/Kliops/internal/adapters/llm/gemma_extractor.go:61.29,65.3 2 0
github.com/MiltonJ23/Kliops/internal/adapters/llm/gemma_extractor.go:66.2,66.41 1 0
github.com/MiltonJ23/Kliops/internal/adapters/llm/gemma_extractor.go:66.41,68.3 1 0
github.com/MiltonJ23/Kliops/internal/adapters/llm/gemma_extractor.go:69.2,71.21 3 0
github.com/MiltonJ23/Kliops/internal/adapters/llm/gemma_extractor.go:71.21,71.44 1 0
github.com/MiltonJ23/Kliops/internal/adapters/llm/gemma_extractor.go:72.2,72.29 1 0
github.com/MiltonJ23/Kliops/internal/adapters/llm/gemma_extractor.go:72.29,73.29 1 0
github.com/MiltonJ23/Kliops/internal/adapters/llm/gemma_extractor.go:73.29,75.4 1 0
github.com/MiltonJ23/Kliops/internal/adapters/llm/gemma_extractor.go:77.2,77.13 1 0
github.com/MiltonJ23/Kliops/internal/adapters/llm/gemma_extractor.go:81.52,83.21 2 0
github.com/MiltonJ23/Kliops/internal/adapters/llm/gemma_extractor.go:83.21,85.3 1 0
github.com/MiltonJ23/Kliops/internal/adapters/llm/gemma_extractor.go:87.2,89.37 2 0
github.com/MiltonJ23/Kliops/internal/adapters/llm/gemma_extractor.go:89.37,91.23 2 0
github.com/MiltonJ23/Kliops/internal/adapters/llm/gemma_extractor.go:91.23,93.4 1 0
github.com/MiltonJ23/Kliops/internal/adapters/llm/gemma_extractor.go:94.3,94.48 1 0
github.com/MiltonJ23/Kliops/internal/adapters/llm/gemma_extractor.go:96.2,96.15 1 0
github.com/MiltonJ23/Kliops/internal/adapters/llm/gemma_extractor.go:100.148,118.37 4 0
github.com/MiltonJ23/Kliops/internal/adapters/llm/gemma_extractor.go:118.37,120.3 1 0
github.com/MiltonJ23/Kliops/internal/adapters/llm/gemma_extractor.go:122.2,123.31 2 0
github.com/MiltonJ23/Kliops/internal/adapters/llm/gemma_extractor.go:123.31,125.3 1 0
github.com/MiltonJ23/Kliops/internal/adapters/llm/gemma_extractor.go:126.2,129.23 3 0
github.com/MiltonJ23/Kliops/internal/adapters/llm/gemma_extractor.go:129.23,131.3 1 0
github.com/MiltonJ23/Kliops/internal/adapters/llm/gemma_extractor.go:132.2,134.42 2 0
github.com/MiltonJ23/Kliops/internal/adapters/llm/gemma_extractor.go:134.42,137.3 2 0
github.com/MiltonJ23/Kliops/internal/adapters/llm/gemma_extractor.go:139.2,144.36 3 0
github.com/MiltonJ23/Kliops/internal/adapters/llm/gemma_extractor.go:144.36,146.3 1 0
github.com/MiltonJ23/Kliops/internal/adapters/llm/gemma_extractor.go:150.2,156.42 6 0
github.com/MiltonJ23/Kliops/internal/adapters/llm/gemma_extractor.go:156.42,158.3 1 0
github.com/MiltonJ23/Kliops/internal/adapters/llm/gemma_extractor.go:160.2,162.37 3 0
github.com/MiltonJ23/Kliops/internal/adapters/llm/gemma_extractor.go:162.37,164.3 1 0
github.com/MiltonJ23/Kliops/internal/adapters/llm/gemma_extractor.go:166.3,166.20 1 0
github.com/MiltonJ23/Kliops/internal/adapters/llm/gemma_extractor.go:170.137,175.35 4 0
github.com/MiltonJ23/Kliops/internal/adapters/llm/gemma_extractor.go:175.35,177.17 2 0
github.com/MiltonJ23/Kliops/internal/adapters/llm/gemma_extractor.go:177.17,179.12 2 0
github.com/MiltonJ23/Kliops/internal/adapters/llm/gemma_extractor.go:181.3,181.79 1 0
github.com/MiltonJ23/Kliops/internal/adapters/llm/gemma_extractor.go:184.2,185.35 2 0
github.com/MiltonJ23/Kliops/internal/adapters/llm/gemma_extractor.go:185.35,187.17 2 0
github.com/MiltonJ23/Kliops/internal/adapters/llm/gemma_extractor.go:187.17,189.12 2 0
github.com/MiltonJ23/Kliops/internal/adapters/llm/gemma_extractor.go:192.3,194.28 3 0
github.com/MiltonJ23/Kliops/internal/adapters/llm/gemma_extractor.go:194.28,196.4 1 0
github.com/MiltonJ23/Kliops/internal/adapters/llm/gemma_extractor.go:197.3,198.17 2 0
github.com/MiltonJ23/Kliops/internal/adapters/llm/gemma_extractor.go:198.17,200.12 2 0
github.com/MiltonJ23/Kliops/internal/adapters/llm/gemma_extractor.go:202.3,202.40 1 0
github.com/MiltonJ23/Kliops/internal/adapters/llm/gemma_extractor.go:205.2,205.22 1 0
github.com/MiltonJ23/Kliops/internal/adapters/llm/ollama_embedder.go:21.63,27.2 1 0
github.com/MiltonJ23/Kliops/internal/adapters/llm/ollama_embedder.go:39.95,45.40 3 0
github.com/MiltonJ23/Kliops/internal/adapters/llm/ollama_embedder.go:45.40,47.3 1 0
github.com/MiltonJ23/Kliops/internal/adapters/llm/ollama_embedder.go:50.2,52.32 3 0
github.com/MiltonJ23/Kliops/internal/adapters/llm/ollama_embedder.go:52.32,54.3 1 0
github.com/MiltonJ23/Kliops/internal/adapters/llm/ollama_embedder.go:55.2,58.34 3 0
github.com/MiltonJ23/Kliops/internal/adapters/llm/ollama_embedder.go:58.34,60.3 1 0
github.com/MiltonJ23/Kliops/internal/adapters/llm/ollama_embedder.go:62.2,64.42 2 0
github.com/MiltonJ23/Kliops/internal/adapters/llm/ollama_embedder.go:64.42,67.3 2 0
github.com/MiltonJ23/Kliops/internal/adapters/llm/ollama_embedder.go:70.2,72.39 3 0
github.com/MiltonJ23/Kliops/internal/adapters/llm/ollama_embedder.go:72.39,74.3 1 0
github.com/MiltonJ23/Kliops/internal/adapters/llm/ollama_embedder.go:76.2,76.33 1 0
github.com/MiltonJ23/Kliops/internal/adapters/llm/ollama_embedder.go:76.33,78.3 1 0
github.com/MiltonJ23/Kliops/internal/adapters/llm/ollama_embedder.go:81.2,82.38 2 0
github.com/MiltonJ23/Kliops/internal/adapters/llm/ollama_embedder.go:82.38,84.3 1 0
github.com/MiltonJ23/Kliops/internal/adapters/llm/ollama_embedder.go:86.2,86.20 1 0
github.com/MiltonJ23/Kliops/cmd/test-ingestion/main.go:14.13,20.16 4 0
github.com/MiltonJ23/Kliops/cmd/test-ingestion/main.go:20.16,22.3 1 0
github.com/MiltonJ23/Kliops/cmd/test-ingestion/main.go:24.2,35.16 4 0
github.com/MiltonJ23/Kliops/cmd/test-ingestion/main.go:35.16,37.3 1 0
github.com/MiltonJ23/Kliops/cmd/test-ingestion/main.go:39.2,46.16 5 0
github.com/MiltonJ23/Kliops/cmd/test-ingestion/main.go:46.16,48.3 1 0
github.com/MiltonJ23/Kliops/cmd/test-ingestion/main.go:50.2,50.25 1 0
github.com/MiltonJ23/Kliops/cmd/test-ingestion/main.go:50.25,53.3 2 0
github.com/MiltonJ23/Kliops/cmd/test-ingestion/main.go:55.2,57.70 3 0
github.com/MiltonJ23/Kliops/internal/adapters/repositories/ingestion_postgres.go:26.64,28.2 1 0
github.com/MiltonJ23/Kliops/internal/adapters/repositories/ingestion_postgres.go:34.115,36.34 2 0
github.com/MiltonJ23/Kliops/internal/adapters/repositories/ingestion_postgres.go:36.34,38.3 1 0
github.com/MiltonJ23/Kliops/internal/adapters/repositories/ingestion_postgres.go:41.2,44.21 3 0
github.com/MiltonJ23/Kliops/internal/adapters/repositories/ingestion_postgres.go:44.21,46.69 2 0
github.com/MiltonJ23/Kliops/internal/adapters/repositories/ingestion_postgres.go:46.69,48.4 1 0
github.com/MiltonJ23/Kliops/internal/adapters/repositories/ingestion_postgres.go:49.3,49.18 1 0
github.com/MiltonJ23/Kliops/internal/adapters/repositories/ingestion_postgres.go:51.2,51.23 1 0
github.com/MiltonJ23/Kliops/internal/adapters/repositories/ingestion_postgres.go:54.102,60.2 4 0
github.com/MiltonJ23/Kliops/internal/adapters/repositories/ingestion_postgres.go:62.105,69.32 4 0
github.com/MiltonJ23/Kliops/internal/adapters/repositories/ingestion_postgres.go:69.32,71.3 1 0
github.com/MiltonJ23/Kliops/internal/adapters/repositories/ingestion_postgres.go:73.2,73.15 1 0
github.com/MiltonJ23/Kliops/internal/adapters/repositories/ingestion_postgres.go:76.107,82.2 3 0
github.com/MiltonJ23/Kliops/internal/adapters/repositories/ingestion_postgres.go:84.93,93.2 4 0
github.com/MiltonJ23/Kliops/internal/adapters/repositories/ingestion_postgres.go:95.125,103.2 3 0
github.com/MiltonJ23/Kliops/internal/adapters/repositories/ingestion_postgres.go:105.124,112.2 3 0
github.com/MiltonJ23/Kliops/internal/adapters/repositories/ingestion_postgres.go:114.106,120.40 4 0
github.com/MiltonJ23/Kliops/internal/adapters/repositories/ingestion_postgres.go:120.40,121.59 1 0
github.com/MiltonJ23/Kliops/internal/adapters/repositories/ingestion_postgres.go:121.59,123.5 1 0
github.com/MiltonJ23/Kliops/internal/adapters/repositories/ingestion_postgres.go:124.4,124.41 1 0
github.com/MiltonJ23/Kliops/internal/adapters/repositories/ingestion_postgres.go:126.2,126.17 1 0
github.com/MiltonJ23/Kliops/internal/adapters/repositories/minio_storage.go:17.95,22.32 2 0
github.com/MiltonJ23/Kliops/internal/adapters/repositories/minio_storage.go:22.32,24.3 1 0
github.com/MiltonJ23/Kliops/internal/adapters/repositories/minio_storage.go:26.2,26.41 1 0
github.com/MiltonJ23/Kliops/internal/adapters/repositories/minio_storage.go:30.154,33.32 2 0
github.com/MiltonJ23/Kliops/internal/adapters/repositories/minio_storage.go:33.32,35.33 2 0
github.com/MiltonJ23/Kliops/internal/adapters/repositories/minio_storage.go:35.33,37.4 1 0
github.com/MiltonJ23/Kliops/internal/adapters/repositories/minio_storage.go:38.3,38.14 1 0
github.com/MiltonJ23/Kliops/internal/adapters/repositories/minio_storage.go:38.14,40.4 1 0
github.com/MiltonJ23/Kliops/internal/adapters/repositories/minio_storage.go:42.8,44.3 1 0
github.com/MiltonJ23/Kliops/internal/adapters/repositories/minio_storage.go:47.2,50.27 2 0
github.com/MiltonJ23/Kliops/internal/adapters/repositories/minio_storage.go:50.27,52.3 1 0
github.com/MiltonJ23/Kliops/internal/adapters/repositories/minio_storage.go:53.2,53.61 1 0
github.com/MiltonJ23/Kliops/internal/adapters/repositories/minio_storage.go:56.89,59.2 2 0
github.com/MiltonJ23/Kliops/internal/adapters/repositories/minio_storage.go:61.111,65.29 3 0
github.com/MiltonJ23/Kliops/internal/adapters/repositories/minio_storage.go:65.29,67.3 1 0
github.com/MiltonJ23/Kliops/internal/adapters/repositories/minio_storage.go:70.2,71.31 2 0
github.com/MiltonJ23/Kliops/internal/adapters/repositories/minio_storage.go:71.31,73.3 1 0
github.com/MiltonJ23/Kliops/internal/adapters/repositories/minio_storage.go:74.2,74.19 1 0
github.com/MiltonJ23/Kliops/internal/adapters/repositories/pricing_erp.go:20.47,22.2 1 0
github.com/MiltonJ23/Kliops/internal/adapters/repositories/pricing_erp.go:25.88,28.16 3 0
github.com/MiltonJ23/Kliops/internal/adapters/repositories/pricing_erp.go:28.16,30.3 1 0
github.com/MiltonJ23/Kliops/internal/adapters/repositories/pricing_erp.go:32.2,33.21 2 0
github.com/MiltonJ23/Kliops/internal/adapters/repositories/pricing_erp.go:33.21,35.3 1 0
github.com/MiltonJ23/Kliops/internal/adapters/repositories/pricing_erp.go:37.2,37.26 1 0
github.com/MiltonJ23/Kliops/internal/adapters/repositories/pricing_erp.go:37.26,39.3 1 0
github.com/MiltonJ23/Kliops/internal/adapters/repositories/pricing_erp.go:41.2,41.42 1 0
github.com/MiltonJ23/Kliops/internal/adapters/repositories/pricing_erp.go:41.42,44.31 3 0
github.com/MiltonJ23/Kliops/internal/adapters/repositories/pricing_erp.go:44.31,46.4 1 0
github.com/MiltonJ23/Kliops/internal/adapters/repositories/pricing_erp.go:47.3,48.117 2 0
github.com/MiltonJ23/Kliops/internal/adapters/repositories/pricing_erp.go:51.2,56.38 3 0
github.com/MiltonJ23/Kliops/internal/adapters/repositories/pricing_erp.go:56.38,58.3 1 0
github.com/MiltonJ23/Kliops/internal/adapters/repositories/pricing_erp.go:60.2,60.25 1 0
github.com/MiltonJ23/Kliops/internal/adapters/repositories/pricing_excel.go:14.54,16.2 1 0
github.com/MiltonJ23/Kliops/internal/adapters/repositories/pricing_excel.go:18.90,20.29 2 0
github.com/MiltonJ23/Kliops/internal/adapters/repositories/pricing_excel.go:20.29,22.3 1 0
github.com/MiltonJ23/Kliops/internal/adapters/repositories/pricing_excel.go:23.2,26.9 2 0
github.com/MiltonJ23/Kliops/internal/adapters/repositories/pricing_excel.go:27.20,28.22 1 0
github.com/MiltonJ23/Kliops/internal/adapters/repositories/pricing_excel.go:29.10,29.10 0 0
github.com/MiltonJ23/Kliops/internal/adapters/repositories/pricing_excel.go:31.2,32.26 2 0
github.com/MiltonJ23/Kliops/internal/adapters/repositories/pricing_excel.go:32.26,34.3 1 0
github.com/MiltonJ23/Kliops/internal/adapters/repositories/pricing_excel.go:36.2,36.26 1 0
github.com/MiltonJ23/Kliops/internal/adapters/repositories/pricing_excel.go:36.26,37.10 1 0
github.com/MiltonJ23/Kliops/internal/adapters/repositories/pricing_excel.go:38.21,39.23 1 0
github.com/MiltonJ23/Kliops/internal/adapters/repositories/pricing_excel.go:40.11,40.11 0 0
github.com/MiltonJ23/Kliops/internal/adapters/repositories/pricing_excel.go:42.3,42.45 1 0
github.com/MiltonJ23/Kliops/internal/adapters/repositories/pricing_excel.go:42.45,44.30 2 0
github.com/MiltonJ23/Kliops/internal/adapters/repositories/pricing_excel.go:44.30,46.5 1 0
github.com/MiltonJ23/Kliops/internal/adapters/repositories/pricing_excel.go:47.4,47.21 1 0
github.com/MiltonJ23/Kliops/internal/adapters/repositories/pricing_excel.go:50.2,50.96 1 0
github.com/MiltonJ23/Kliops/internal/adapters/repositories/pricing_postgres.go:15.60,19.2 1 0
github.com/MiltonJ23/Kliops/internal/adapters/repositories/pricing_postgres.go:21.93,27.34 4 0
github.com/MiltonJ23/Kliops/internal/adapters/repositories/pricing_postgres.go:27.34,28.54 1 0
github.com/MiltonJ23/Kliops/internal/adapters/repositories/pricing_postgres.go:28.54,30.4 1 0
github.com/MiltonJ23/Kliops/internal/adapters/repositories/pricing_postgres.go:31.3,31.91 1 0
github.com/MiltonJ23/Kliops/internal/adapters/repositories/pricing_postgres.go:33.2,33.18 1 0
github.com/MiltonJ23/Kliops/internal/adapters/repositories/qdrant_repo.go:22.120,23.21 1 0
github.com/MiltonJ23/Kliops/internal/adapters/repositories/qdrant_repo.go:23.21,25.3 1 0
github.com/MiltonJ23/Kliops/internal/adapters/repositories/qdrant_repo.go:27.2,28.28 2 0
github.com/MiltonJ23/Kliops/internal/adapters/repositories/qdrant_repo.go:28.28,30.3 1 0
github.com/MiltonJ23/Kliops/internal/adapters/repositories/qdrant_repo.go:32.2,39.8 2 0
github.com/MiltonJ23/Kliops/internal/adapters/repositories/qdrant_repo.go:42.42,43.19 1 0
github.com/MiltonJ23/Kliops/internal/adapters/repositories/qdrant_repo.go:43.19,45.3 1 0
github.com/MiltonJ23/Kliops/internal/adapters/repositories/qdrant_repo.go:46.2,46.12 1 0
github.com/MiltonJ23/Kliops/internal/adapters/repositories/qdrant_repo.go:50.96,53.31 2 0
github.com/MiltonJ23/Kliops/internal/adapters/repositories/qdrant_repo.go:53.31,55.3 1 0
github.com/MiltonJ23/Kliops/internal/adapters/repositories/qdrant_repo.go:57.2,78.34 4 0
github.com/MiltonJ23/Kliops/internal/adapters/repositories/qdrant_repo.go:78.34,80.3 1 0
github.com/MiltonJ23/Kliops/internal/adapters/repositories/qdrant_repo.go:81.2,81.12 1 0
github.com/MiltonJ23/Kliops/internal/adapters/repositories/qdrant_repo.go:84.129,86.16 1 0
github.com/MiltonJ23/Kliops/internal/adapters/repositories/qdrant_repo.go:86.16,88.3 1 0
github.com/MiltonJ23/Kliops/internal/adapters/repositories/qdrant_repo.go:91.2,92.36 2 0
github.com/MiltonJ23/Kliops/internal/adapters/repositories/qdrant_repo.go:92.36,94.3 1 0
github.com/MiltonJ23/Kliops/internal/adapters/repositories/qdrant_repo.go:97.2,104.34 2 0
github.com/MiltonJ23/Kliops/internal/adapters/repositories/qdrant_repo.go:104.34,106.3 1 0
github.com/MiltonJ23/Kliops/internal/adapters/repositories/qdrant_repo.go:109.2,110.42 2 0
github.com/MiltonJ23/Kliops/internal/adapters/repositories/qdrant_repo.go:110.42,115.48 3 0
github.com/MiltonJ23/Kliops/internal/adapters/repositories/qdrant_repo.go:115.48,117.4 1 0
github.com/MiltonJ23/Kliops/internal/adapters/repositories/qdrant_repo.go:119.3,120.59 2 0
github.com/MiltonJ23/Kliops/internal/adapters/repositories/qdrant_repo.go:120.59,122.4 1 0
github.com/MiltonJ23/Kliops/internal/adapters/repositories/qdrant_repo.go:124.3,125.48 2 0
github.com/MiltonJ23/Kliops/internal/adapters/repositories/qdrant_repo.go:125.48,127.4 1 0
github.com/MiltonJ23/Kliops/internal/adapters/repositories/qdrant_repo.go:129.3,130.45 2 0
github.com/MiltonJ23/Kliops/internal/adapters/repositories/qdrant_repo.go:130.45,132.4 1 0
github.com/MiltonJ23/Kliops/internal/adapters/repositories/qdrant_repo.go:134.3,135.61 2 0
github.com/MiltonJ23/Kliops/internal/adapters/repositories/qdrant_repo.go:135.61,137.4 1 0
github.com/MiltonJ23/Kliops/internal/adapters/repositories/qdrant_repo.go:139.3,149.5 1 0
github.com/MiltonJ23/Kliops/internal/adapters/repositories/qdrant_repo.go:152.2,152.20 1 0
github.com/MiltonJ23/Kliops/internal/adapters/repositories/qdrant_repo.go:155.81,158.2 1 0
github.com/MiltonJ23/Kliops/internal/adapters/parser/minio_pdf_parser.go:18.62,20.2 1 0
github.com/MiltonJ23/Kliops/internal/adapters/parser/minio_pdf_parser.go:22.93,24.47 1 0
github.com/MiltonJ23/Kliops/internal/adapters/parser/minio_pdf_parser.go:24.47,26.3 1 0
github.com/MiltonJ23/Kliops/internal/adapters/parser/minio_pdf_parser.go:27.2,28.21 2 0
github.com/MiltonJ23/Kliops/internal/adapters/parser/minio_pdf_parser.go:28.21,30.3 1 0
github.com/MiltonJ23/Kliops/internal/adapters/parser/minio_pdf_parser.go:31.2,35.37 3 0
github.com/MiltonJ23/Kliops/internal/adapters/parser/minio_pdf_parser.go:35.37,37.3 1 0
github.com/MiltonJ23/Kliops/internal/adapters/parser/minio_pdf_parser.go:38.2,40.14 2 0
github.com/MiltonJ23/Kliops/internal/adapters/parser/minio_pdf_parser.go:40.14,43.3 2 0
github.com/MiltonJ23/Kliops/internal/adapters/parser/minio_pdf_parser.go:45.2,46.36 2 0
github.com/MiltonJ23/Kliops/internal/adapters/parser/minio_pdf_parser.go:46.36,48.3 1 0
github.com/MiltonJ23/Kliops/internal/adapters/parser/minio_pdf_parser.go:49.2,53.39 3 0
github.com/MiltonJ23/Kliops/internal/adapters/parser/minio_pdf_parser.go:53.39,55.3 1 0
github.com/MiltonJ23/Kliops/internal/adapters/parser/minio_pdf_parser.go:57.2,58.22 2 0
github.com/MiltonJ23/Kliops/internal/adapters/parser/minio_pdf_parser.go:58.22,60.3 1 0
github.com/MiltonJ23/Kliops/internal/adapters/parser/minio_pdf_parser.go:62.2,62.40 1 0
github.com/MiltonJ23/Kliops/internal/adapters/parser/minio_pdf_parser.go:67.57,69.30 2 0
github.com/MiltonJ23/Kliops/internal/adapters/parser/minio_pdf_parser.go:69.30,71.3 1 0
github.com/MiltonJ23/Kliops/internal/adapters/parser/minio_pdf_parser.go:72.2,78.57 4 0
github.com/MiltonJ23/Kliops/internal/adapters/parser/minio_pdf_parser.go:78.57,81.19 2 0
github.com/MiltonJ23/Kliops/internal/adapters/parser/minio_pdf_parser.go:81.19,82.12 1 0
github.com/MiltonJ23/Kliops/internal/adapters/parser/minio_pdf_parser.go:84.3,85.17 2 0
github.com/MiltonJ23/Kliops/internal/adapters/parser/minio_pdf_parser.go:85.17,87.12 2 0
github.com/MiltonJ23/Kliops/internal/adapters/parser/minio_pdf_parser.go:89.3,90.28 2 0
github.com/MiltonJ23/Kliops/internal/adapters/parser/minio_pdf_parser.go:92.2,92.29 1 0
github.com/MiltonJ23/Kliops/internal/adapters/queue/rabbitmq.go:35.67,37.31 2 0
github.com/MiltonJ23/Kliops/internal/adapters/queue/rabbitmq.go:37.31,39.3 1 0
github.com/MiltonJ23/Kliops/internal/adapters/queue/rabbitmq.go:41.2,42.33 2 0
github.com/MiltonJ23/Kliops/internal/adapters/queue/rabbitmq.go:42.33,45.3 2 0
github.com/MiltonJ23/Kliops/internal/adapters/queue/rabbitmq.go:48.2,49.40 2 0
github.com/MiltonJ23/Kliops/internal/adapters/queue/rabbitmq.go:49.40,53.3 3 0
github.com/MiltonJ23/Kliops/internal/adapters/queue/rabbitmq.go:54.2,55.37 2 0
github.com/MiltonJ23/Kliops/internal/adapters/queue/rabbitmq.go:55.37,59.3 3 0
github.com/MiltonJ23/Kliops/internal/adapters/queue/rabbitmq.go:60.2,61.44 2 0
github.com/MiltonJ23/Kliops/internal/adapters/queue/rabbitmq.go:61.44,65.3 3 0
github.com/MiltonJ23/Kliops/internal/adapters/queue/rabbitmq.go:68.2,72.41 3 0
github.com/MiltonJ23/Kliops/internal/adapters/queue/rabbitmq.go:72.41,76.3 3 0
github.com/MiltonJ23/Kliops/internal/adapters/queue/rabbitmq.go:77.2,78.38 2 0
github.com/MiltonJ23/Kliops/internal/adapters/queue/rabbitmq.go:78.38,82.3 3 0
github.com/MiltonJ23/Kliops/internal/adapters/queue/rabbitmq.go:83.2,84.41 2 0
github.com/MiltonJ23/Kliops/internal/adapters/queue/rabbitmq.go:84.41,88.3 3 0
github.com/MiltonJ23/Kliops/internal/adapters/queue/rabbitmq.go:90.2,90.55 1 0
github.com/MiltonJ23/Kliops/internal/adapters/queue/rabbitmq.go:93.41,95.22 2 0
github.com/MiltonJ23/Kliops/internal/adapters/queue/rabbitmq.go:95.22,96.43 1 0
github.com/MiltonJ23/Kliops/internal/adapters/queue/rabbitmq.go:96.43,98.4 1 0
github.com/MiltonJ23/Kliops/internal/adapters/queue/rabbitmq.go:100.2,100.19 1 0
github.com/MiltonJ23/Kliops/internal/adapters/queue/rabbitmq.go:100.19,101.40 1 0
github.com/MiltonJ23/Kliops/internal/adapters/queue/rabbitmq.go:101.40,103.4 1 0
github.com/MiltonJ23/Kliops/internal/adapters/queue/rabbitmq.go:105.2,105.29 1 0
github.com/MiltonJ23/Kliops/internal/adapters/queue/rabbitmq.go:108.90,111.33 3 0
github.com/MiltonJ23/Kliops/internal/adapters/queue/rabbitmq.go:111.33,113.3 1 0
github.com/MiltonJ23/Kliops/internal/adapters/queue/rabbitmq.go:115.2,122.4 3 0
github.com/MiltonJ23/Kliops/internal/adapters/queue/rabbitmq.go:125.151,127.33 2 0
github.com/MiltonJ23/Kliops/internal/adapters/queue/rabbitmq.go:127.33,129.3 1 0
github.com/MiltonJ23/Kliops/internal/adapters/queue/rabbitmq.go:132.2,134.12 2 0
github.com/MiltonJ23/Kliops/internal/adapters/queue/rabbitmq.go:134.12,135.7 1 0
github.com/MiltonJ23/Kliops/internal/adapters/queue/rabbitmq.go:135.7,136.11 1 0
github.com/MiltonJ23/Kliops/internal/adapters/queue/rabbitmq.go:137.22,138.11 1 0
github.com/MiltonJ23/Kliops/internal/adapters/queue/rabbitmq.go:139.25,140.12 1 0
github.com/MiltonJ23/Kliops/internal/adapters/queue/rabbitmq.go:140.12,142.6 1 0
github.com/MiltonJ23/Kliops/internal/adapters/queue/rabbitmq.go:144.5,144.37 1 0
github.com/MiltonJ23/Kliops/internal/adapters/queue/rabbitmq.go:144.37,146.24 2 0
github.com/MiltonJ23/Kliops/internal/adapters/queue/rabbitmq.go:146.24,147.19 1 0
github.com/MiltonJ23/Kliops/internal/adapters/queue/rabbitmq.go:147.19,150.8 2 0
github.com/MiltonJ23/Kliops/internal/adapters/queue/rabbitmq.go:152.6,152.13 1 0
github.com/MiltonJ23/Kliops/internal/adapters/queue/rabbitmq.go:153.29,155.22 2 0
github.com/MiltonJ23/Kliops/internal/adapters/queue/rabbitmq.go:156.24,157.13 1 0
github.com/MiltonJ23/Kliops/internal/adapters/queue/rabbitmq.go:161.6,161.26 1 0
github.com/MiltonJ23/Kliops/internal/adapters/queue/rabbitmq.go:161.26,164.7 2 0
github.com/MiltonJ23/Kliops/internal/adapters/queue/rabbitmq.go:166.6,168.41 3 0
github.com/MiltonJ23/Kliops/internal/adapters/queue/rabbitmq.go:168.41,172.7 3 0
github.com/MiltonJ23/Kliops/internal/adapters/queue/rabbitmq.go:173.6,174.28 2 0
github.com/MiltonJ23/Kliops/internal/adapters/queue/rabbitmq.go:174.28,176.33 2 0
github.com/MiltonJ23/Kliops/internal/adapters/queue/rabbitmq.go:176.33,179.8 2 0
github.com/MiltonJ23/Kliops/internal/adapters/queue/rabbitmq.go:179.13,184.15 3 0
github.com/MiltonJ23/Kliops/internal/adapters/queue/rabbitmq.go:185.68,190.29 3 0
github.com/MiltonJ23/Kliops/internal/adapters/queue/rabbitmq.go:190.29,193.10 2 0
github.com/MiltonJ23/Kliops/internal/adapters/queue/rabbitmq.go:195.9,196.30 2 0
github.com/MiltonJ23/Kliops/internal/adapters/queue/rabbitmq.go:196.30,200.10 3 0
github.com/MiltonJ23/Kliops/internal/adapters/queue/rabbitmq.go:202.9,210.30 4 0
github.com/MiltonJ23/Kliops/internal/adapters/queue/rabbitmq.go:210.30,214.10 3 0
github.com/MiltonJ23/Kliops/internal/adapters/queue/rabbitmq.go:216.9,216.28 1 0
github.com/MiltonJ23/Kliops/internal/adapters/queue/rabbitmq.go:217.26,219.15 2 0
github.com/MiltonJ23/Kliops/internal/adapters/queue/rabbitmq.go:222.7,222.13 1 0
github.com/MiltonJ23/Kliops/internal/adapters/queue/rabbitmq.go:224.6,224.25 1 0
github.com/MiltonJ23/Kliops/internal/adapters/queue/rabbitmq.go:229.2,229.12 1 0
github.com/MiltonJ23/Kliops/internal/adapters/handlers/agent_handler.go:34.64,35.16 1 4
github.com/MiltonJ23/Kliops/internal/adapters/handlers/agent_handler.go:35.16,36.54 1 0
github.com/MiltonJ23/Kliops/internal/adapters/handlers/agent_handler.go:38.2,41.3 1 4
github.com/MiltonJ23/Kliops/internal/adapters/handlers/agent_handler.go:86.76,97.41 7 4
github.com/MiltonJ23/Kliops/internal/adapters/handlers/agent_handler.go:97.41,99.30 2 1
github.com/MiltonJ23/Kliops/internal/adapters/handlers/agent_handler.go:99.30,103.4 3 0
github.com/MiltonJ23/Kliops/internal/adapters/handlers/agent_handler.go:104.3,106.9 3 1
github.com/MiltonJ23/Kliops/internal/adapters/handlers/agent_handler.go:110.2,130.16 7 3
github.com/MiltonJ23/Kliops/internal/adapters/handlers/agent_handler.go:130.16,134.3 3 2
github.com/MiltonJ23/Kliops/internal/adapters/handlers/agent_handler.go:136.2,141.4 2 1
github.com/MiltonJ23/Kliops/internal/adapters/handlers/agent_handler.go:146.123,147.9 1 2
github.com/MiltonJ23/Kliops/internal/adapters/handlers/agent_handler.go:149.48,154.4 2 1
github.com/MiltonJ23/Kliops/internal/adapters/handlers/agent_handler.go:156.40,158.62 1 0
github.com/MiltonJ23/Kliops/internal/adapters/handlers/agent_handler.go:160.50,163.104 2 1
github.com/MiltonJ23/Kliops/internal/adapters/handlers/agent_handler.go:165.50,168.114 2 0
github.com/MiltonJ23/Kliops/internal/adapters/handlers/agent_handler.go:170.10,172.77 2 0
github.com/MiltonJ23/Kliops/internal/adapters/handlers/agent_handler.go:178.64,181.59 3 4
github.com/MiltonJ23/Kliops/internal/adapters/handlers/agent_handler.go:181.59,183.3 1 0
github.com/MiltonJ23/Kliops/internal/adapters/handlers/agent_handler.go:186.68,188.2 1 3
github.com/MiltonJ23/Kliops/internal/adapters/handlers/agent_handler.go:194.40,195.50 1 4
github.com/MiltonJ23/Kliops/internal/adapters/handlers/agent_handler.go:195.50,197.3 1 0
github.com/MiltonJ23/Kliops/internal/adapters/handlers/agent_handler.go:198.2,198.53 1 4
github.com/MiltonJ23/Kliops/internal/adapters/handlers/agent_handler.go:201.54,202.42 1 4
github.com/MiltonJ23/Kliops/internal/adapters/handlers/agent_handler.go:202.42,204.3 1 7
github.com/MiltonJ23/Kliops/internal/adapters/handlers/gateway.go:21.37,23.2 1 0
github.com/MiltonJ23/Kliops/internal/adapters/handlers/gateway.go:31.100,36.2 1 0
github.com/MiltonJ23/Kliops/internal/adapters/handlers/gateway.go:39.79,42.33 2 0
github.com/MiltonJ23/Kliops/internal/adapters/handlers/gateway.go:42.33,45.3 2 0
github.com/MiltonJ23/Kliops/internal/adapters/handlers/gateway.go:47.2,48.16 2 0
github.com/MiltonJ23/Kliops/internal/adapters/handlers/gateway.go:48.16,51.3 2 0
github.com/MiltonJ23/Kliops/internal/adapters/handlers/gateway.go:52.2,56.98 3 0
github.com/MiltonJ23/Kliops/internal/adapters/handlers/gateway.go:56.98,59.3 2 0
github.com/MiltonJ23/Kliops/internal/adapters/handlers/gateway.go:61.2,63.33 3 0
github.com/MiltonJ23/Kliops/internal/adapters/handlers/gateway.go:63.33,66.3 2 0
github.com/MiltonJ23/Kliops/internal/adapters/handlers/gateway.go:67.2,68.40 2 0
github.com/MiltonJ23/Kliops/internal/adapters/handlers/gateway.go:68.40,70.3 1 0
github.com/MiltonJ23/Kliops/internal/adapters/handlers/gateway.go:73.2,74.31 2 0
github.com/MiltonJ23/Kliops/internal/adapters/handlers/gateway.go:74.31,78.3 3 0
github.com/MiltonJ23/Kliops/internal/adapters/handlers/gateway.go:80.2,85.17 3 0
github.com/MiltonJ23/Kliops/internal/adapters/handlers/gateway.go:85.17,87.3 1 0
github.com/MiltonJ23/Kliops/internal/adapters/handlers/gateway.go:90.78,94.32 3 0
github.com/MiltonJ23/Kliops/internal/adapters/handlers/gateway.go:94.32,97.3 2 0
github.com/MiltonJ23/Kliops/internal/adapters/handlers/gateway.go:99.2,100.16 2 0
github.com/MiltonJ23/Kliops/internal/adapters/handlers/gateway.go:100.16,102.36 2 0
github.com/MiltonJ23/Kliops/internal/adapters/handlers/gateway.go:102.36,105.4 2 0
github.com/MiltonJ23/Kliops/internal/adapters/handlers/gateway.go:106.3,107.9 2 0
github.com/MiltonJ23/Kliops/internal/adapters/handlers/gateway.go:110.2,115.4 2 0
github.com/MiltonJ23/Kliops/internal/adapters/handlers/ingestion_handlers.go:17.105,22.2 1 0
github.com/MiltonJ23/Kliops/internal/adapters/handlers/ingestion_handlers.go:26.85,29.16 2 0
github.com/MiltonJ23/Kliops/internal/adapters/handlers/ingestion_handlers.go:29.16,32.3 2 0
github.com/MiltonJ23/Kliops/internal/adapters/handlers/ingestion_handlers.go:34.2,35.16 2 0
github.com/MiltonJ23/Kliops/internal/adapters/handlers/ingestion_handlers.go:35.16,38.3 2 0
github.com/MiltonJ23/Kliops/internal/adapters/handlers/ingestion_handlers.go:39.2,41.45 2 0
github.com/MiltonJ23/Kliops/internal/adapters/handlers/ingestion_handlers.go:41.45,44.3 2 0
github.com/MiltonJ23/Kliops/internal/adapters/handlers/ingestion_handlers.go:47.2,48.16 2 0
github.com/MiltonJ23/Kliops/internal/adapters/handlers/ingestion_handlers.go:48.16,51.3 2 0
github.com/MiltonJ23/Kliops/internal/adapters/handlers/ingestion_handlers.go:53.2,54.87 2 0
github.com/MiltonJ23/Kliops/internal/adapters/handlers/ingestion_handlers.go:59.85,61.16 2 0
github.com/MiltonJ23/Kliops/internal/adapters/handlers/ingestion_handlers.go:61.16,64.3 2 0
github.com/MiltonJ23/Kliops/internal/adapters/handlers/ingestion_handlers.go:65.2,67.46 2 0
github.com/MiltonJ23/Kliops/internal/adapters/handlers/ingestion_handlers.go:67.46,70.3 2 0
github.com/MiltonJ23/Kliops/internal/adapters/handlers/ingestion_handlers.go:74.2,75.16 2 0
github.com/MiltonJ23/Kliops/internal/adapters/handlers/ingestion_handlers.go:75.16,78.3 2 0
github.com/MiltonJ23/Kliops/internal/adapters/handlers/ingestion_handlers.go:80.2,81.100 2 0
github.com/MiltonJ23/Kliops/internal/adapters/handlers/ingestion_handlers.go:86.87,88.16 2 0
github.com/MiltonJ23/Kliops/internal/adapters/handlers/ingestion_handlers.go:88.16,91.3 2 0
github.com/MiltonJ23/Kliops/internal/adapters/handlers/ingestion_handlers.go:92.2,94.46 2 0
github.com/MiltonJ23/Kliops/internal/adapters/handlers/ingestion_handlers.go:94.46,97.3 2 0
github.com/MiltonJ23/Kliops/internal/adapters/handlers/ingestion_handlers.go:100.2,101.16 2 0
github.com/MiltonJ23/Kliops/internal/adapters/handlers/ingestion_handlers.go:101.16,104.3 2 0
github.com/MiltonJ23/Kliops/internal/adapters/handlers/ingestion_handlers.go:106.2,107.104 2 0
github.com/MiltonJ23/Kliops/internal/adapters/handlers/middleware.go:10.56,11.70 1 4
github.com/MiltonJ23/Kliops/internal/adapters/handlers/middleware.go:11.70,15.27 3 4
github.com/MiltonJ23/Kliops/internal/adapters/handlers/middleware.go:15.27,18.4 2 1
github.com/MiltonJ23/Kliops/internal/adapters/handlers/middleware.go:20.3,20.83 1 3
github.com/MiltonJ23/Kliops/internal/adapters/handlers/middleware.go:20.83,23.4 2 2
github.com/MiltonJ23/Kliops/internal/adapters/handlers/middleware.go:24.3,24.22 1 1
github.com/MiltonJ23/Kliops/internal/core/services/agent_service.go:69.60,70.17 1 3
github.com/MiltonJ23/Kliops/internal/core/services/agent_service.go:70.17,71.54 1 0
github.com/MiltonJ23/Kliops/internal/core/services/agent_service.go:73.2,73.42 1 3
github.com/MiltonJ23/Kliops/internal/core/services/agent_service.go:78.104,79.51 1 3
github.com/MiltonJ23/Kliops/internal/core/services/agent_service.go:79.51,81.3 1 1
github.com/MiltonJ23/Kliops/internal/core/services/agent_service.go:83.2,90.16 5 2
github.com/MiltonJ23/Kliops/internal/core/services/agent_service.go:90.16,93.83 3 1
github.com/MiltonJ23/Kliops/internal/core/services/agent_service.go:93.83,95.4 1 1
github.com/MiltonJ23/Kliops/internal/core/services/agent_service.go:96.3,96.59 1 0
github.com/MiltonJ23/Kliops/internal/core/services/agent_service.go:99.2,105.8 3 1
github.com/MiltonJ23/Kliops/internal/core/services/agent_service.go:115.54,116.16 1 3
github.com/MiltonJ23/Kliops/internal/core/services/agent_service.go:116.16,118.3 1 0
github.com/MiltonJ23/Kliops/internal/core/services/agent_service.go:120.2,125.40 5 3
github.com/MiltonJ23/Kliops/internal/core/services/agent_service.go:125.40,127.3 1 1
github.com/MiltonJ23/Kliops/internal/core/services/agent_service.go:128.2,128.40 1 2
github.com/MiltonJ23/Kliops/internal/core/services/agent_service.go:128.40,130.3 1 0
github.com/MiltonJ23/Kliops/internal/core/services/agent_service.go:131.2,131.27 1 2
github.com/MiltonJ23/Kliops/internal/core/services/agent_service.go:131.27,133.3 1 0
github.com/MiltonJ23/Kliops/internal/core/services/agent_service.go:134.2,134.32 1 2
github.com/MiltonJ23/Kliops/internal/core/services/agent_service.go:134.32,136.3 1 0
github.com/MiltonJ23/Kliops/internal/core/services/agent_service.go:137.2,137.27 1 2
github.com/MiltonJ23/Kliops/internal/core/services/agent_service.go:137.27,139.3 1 0
github.com/MiltonJ23/Kliops/internal/core/services/agent_service.go:140.2,140.36 1 2
github.com/MiltonJ23/Kliops/internal/core/services/agent_service.go:140.36,142.3 1 0
github.com/MiltonJ23/Kliops/internal/core/services/agent_service.go:144.2,144.12 1 2
github.com/MiltonJ23/Kliops/internal/core/services/agent_service.go:148.38,150.34 2 2
github.com/MiltonJ23/Kliops/internal/core/services/agent_service.go:150.34,152.3 1 0
github.com/MiltonJ23/Kliops/internal/core/services/agent_service.go:153.2,155.39 3 2
github.com/MiltonJ23/Kliops/internal/core/services/agent_service.go:163.45,184.2 15 2
github.com/MiltonJ23/Kliops/internal/core/services/archive_service.go:25.125,27.2 1 0
github.com/MiltonJ23/Kliops/internal/core/services/archive_service.go:29.139,30.27 1 0
github.com/MiltonJ23/Kliops/internal/core/services/archive_service.go:30.27,31.40 1 0
github.com/MiltonJ23/Kliops/internal/core/services/archive_service.go:31.40,33.31 2 0
github.com/MiltonJ23/Kliops/internal/core/services/archive_service.go:33.31,35.5 1 0
github.com/MiltonJ23/Kliops/internal/core/services/archive_service.go:36.4,39.25 3 0
github.com/MiltonJ23/Kliops/internal/core/services/archive_service.go:39.25,41.5 1 0
github.com/MiltonJ23/Kliops/internal/core/services/archive_service.go:43.4,44.33 2 0
github.com/MiltonJ23/Kliops/internal/core/services/archive_service.go:44.33,46.5 1 0
github.com/MiltonJ23/Kliops/internal/core/services/archive_service.go:47.4,47.30 1 0
github.com/MiltonJ23/Kliops/internal/core/services/archive_service.go:50.2,50.88 1 0
github.com/MiltonJ23/Kliops/internal/core/services/archive_service.go:53.104,55.23 2 0
github.com/MiltonJ23/Kliops/internal/core/services/archive_service.go:55.23,57.3 1 0
github.com/MiltonJ23/Kliops/internal/core/services/archive_service.go:59.2,60.16 2 0
github.com/MiltonJ23/Kliops/internal/core/services/archive_service.go:60.16,62.3 1 0
github.com/MiltonJ23/Kliops/internal/core/services/archive_service.go:63.2,67.16 4 0
github.com/MiltonJ23/Kliops/internal/core/services/archive_service.go:67.16,69.3 1 0
github.com/MiltonJ23/Kliops/internal/core/services/archive_service.go:71.2,72.16 2 0
github.com/MiltonJ23/Kliops/internal/core/services/archive_service.go:72.16,74.3 1 0
github.com/MiltonJ23/Kliops/internal/core/services/archive_service.go:75.2,81.35 3 0
github.com/MiltonJ23/Kliops/internal/core/services/archive_service.go:81.35,82.46 1 0
github.com/MiltonJ23/Kliops/internal/core/services/archive_service.go:82.46,84.9 2 0
github.com/MiltonJ23/Kliops/internal/core/services/archive_service.go:88.2,88.25 1 0
github.com/MiltonJ23/Kliops/internal/core/services/archive_service.go:88.25,90.3 1 0
github.com/MiltonJ23/Kliops/internal/core/services/archive_service.go:92.2,93.40 2 0
github.com/MiltonJ23/Kliops/internal/core/services/archive_service.go:93.40,95.3 1 0
github.com/MiltonJ23/Kliops/internal/core/services/archive_service.go:96.2,100.32 4 0
github.com/MiltonJ23/Kliops/internal/core/services/archive_service.go:100.32,102.3 1 0
github.com/MiltonJ23/Kliops/internal/core/services/archive_service.go:104.2,104.33 1 0
github.com/MiltonJ23/Kliops/internal/core/services/archive_service.go:104.33,105.13 1 0
github.com/MiltonJ23/Kliops/internal/core/services/archive_service.go:105.13,106.12 1 0
github.com/MiltonJ23/Kliops/internal/core/services/archive_service.go:110.3,110.22 1 0
github.com/MiltonJ23/Kliops/internal/core/services/archive_service.go:110.22,112.12 2 0
github.com/MiltonJ23/Kliops/internal/core/services/archive_service.go:115.3,120.22 3 0
github.com/MiltonJ23/Kliops/internal/core/services/archive_service.go:120.22,122.12 2 0
github.com/MiltonJ23/Kliops/internal/core/services/archive_service.go:124.3,124.13 1 0
github.com/MiltonJ23/Kliops/internal/core/services/archive_service.go:124.13,125.12 1 0
github.com/MiltonJ23/Kliops/internal/core/services/archive_service.go:129.3,131.90 3 0
github.com/MiltonJ23/Kliops/internal/core/services/archive_service.go:131.90,135.35 3 0
github.com/MiltonJ23/Kliops/internal/core/services/archive_service.go:135.35,137.5 1 0
github.com/MiltonJ23/Kliops/internal/core/services/archive_service.go:140.4,141.36 2 0
github.com/MiltonJ23/Kliops/internal/core/services/archive_service.go:141.36,143.5 1 0
github.com/MiltonJ23/Kliops/internal/core/services/archive_service.go:144.4,145.34 2 0
github.com/MiltonJ23/Kliops/internal/core/services/archive_service.go:145.34,147.19 2 0
github.com/MiltonJ23/Kliops/internal/core/services/archive_service.go:147.19,149.6 1 0
github.com/MiltonJ23/Kliops/internal/core/services/archive_service.go:152.4,153.34 2 0
github.com/MiltonJ23/Kliops/internal/core/services/archive_service.go:153.34,155.5 1 0
github.com/MiltonJ23/Kliops/internal/core/services/archive_service.go:156.4,157.34 2 0
github.com/MiltonJ23/Kliops/internal/core/services/archive_service.go:157.34,159.19 2 0
github.com/MiltonJ23/Kliops/internal/core/services/archive_service.go:159.19,161.6 1 0
github.com/MiltonJ23/Kliops/internal/core/services/archive_service.go:165.4,167.31 3 0
github.com/MiltonJ23/Kliops/internal/core/services/archive_service.go:167.31,169.5 1 0
github.com/MiltonJ23/Kliops/internal/core/services/archive_service.go:170.4,170.14 1 0
github.com/MiltonJ23/Kliops/internal/core/services/archive_service.go:172.3,172.30 1 0
github.com/MiltonJ23/Kliops/internal/core/services/archive_service.go:172.30,174.39 2 0
github.com/MiltonJ23/Kliops/internal/core/services/archive_service.go:174.39,176.24 2 0
github.com/MiltonJ23/Kliops/internal/core/services/archive_service.go:176.24,180.6 3 0
github.com/MiltonJ23/Kliops/internal/core/services/archive_service.go:182.4,182.12 1 0
github.com/MiltonJ23/Kliops/internal/core/services/archive_service.go:186.3,186.78 1 0
github.com/MiltonJ23/Kliops/internal/core/services/archive_service.go:186.78,189.4 1 0
github.com/MiltonJ23/Kliops/internal/core/services/archive_service.go:191.2,191.12 1 0
github.com/MiltonJ23/Kliops/internal/core/services/document_service.go:20.101,25.2 1 0
github.com/MiltonJ23/Kliops/internal/core/services/document_service.go:27.156,29.25 2 0
github.com/MiltonJ23/Kliops/internal/core/services/document_service.go:29.25,31.3 1 0
github.com/MiltonJ23/Kliops/internal/core/services/document_service.go:33.2,38.16 4 0
github.com/MiltonJ23/Kliops/internal/core/services/document_service.go:38.16,40.3 1 0
github.com/MiltonJ23/Kliops/internal/core/services/document_service.go:42.2,43.16 2 0
github.com/MiltonJ23/Kliops/internal/core/services/document_service.go:43.16,45.3 1 0
github.com/MiltonJ23/Kliops/internal/core/services/document_service.go:47.2,47.20 1 0
github.com/MiltonJ23/Kliops/internal/core/services/knowledge_service.go:16.99,21.2 1 0
github.com/MiltonJ23/Kliops/internal/core/services/knowledge_service.go:24.112,26.16 2 0
github.com/MiltonJ23/Kliops/internal/core/services/knowledge_service.go:26.16,28.3 1 0
github.com/MiltonJ23/Kliops/internal/core/services/knowledge_service.go:30.2,30.23 1 0
github.com/MiltonJ23/Kliops/internal/core/services/knowledge_service.go:30.23,32.3 1 0
github.com/MiltonJ23/Kliops/internal/core/services/knowledge_service.go:34.2,37.30 3 0
github.com/MiltonJ23/Kliops/internal/core/services/knowledge_service.go:37.30,41.3 3 0
github.com/MiltonJ23/Kliops/internal/core/services/knowledge_service.go:43.2,43.30 1 0
github.com/MiltonJ23/Kliops/internal/core/services/pricing_service.go:17.42,21.2 1 5
github.com/MiltonJ23/Kliops/internal/core/services/pricing_service.go:25.88,26.21 1 28
github.com/MiltonJ23/Kliops/internal/core/services/pricing_service.go:26.21,29.3 2 1
github.com/MiltonJ23/Kliops/internal/core/services/pricing_service.go:30.2,32.31 3 27
github.com/MiltonJ23/Kliops/internal/core/services/pricing_service.go:36.107,41.13 4 29
github.com/MiltonJ23/Kliops/internal/core/services/pricing_service.go:41.13,43.3 1 2
github.com/MiltonJ23/Kliops/internal/core/services/pricing_service.go:44.2,44.43 1 27
github.com/MiltonJ23/Kliops/internal/core/services/worker_service.go:21.144,28.2 1 0
github.com/MiltonJ23/Kliops/internal/core/services/worker_service.go:30.85,34.34 2 0
github.com/MiltonJ23/Kliops/internal/core/services/worker_service.go:34.34,36.4 1 0
github.com/MiltonJ23/Kliops/internal/core/services/worker_service.go:38.3,39.27 2 0
github.com/MiltonJ23/Kliops/internal/core/services/worker_service.go:39.27,41.4 1 0
github.com/MiltonJ23/Kliops/internal/core/services/worker_service.go:43.3,44.27 2 0
github.com/MiltonJ23/Kliops/internal/core/services/worker_service.go:44.27,46.4 1 0
github.com/MiltonJ23/Kliops/internal/core/services/worker_service.go:48.3,49.30 2 0
github.com/MiltonJ23/Kliops/internal/core/services/worker_service.go:49.30,51.4 1 0
github.com/MiltonJ23/Kliops/internal/core/services/worker_service.go:53.3,54.30 2 0
github.com/MiltonJ23/Kliops/internal/core/services/worker_service.go:54.30,56.4 1 0
github.com/MiltonJ23/Kliops/internal/core/services/worker_service.go:59.3,60.38 2 0
github.com/MiltonJ23/Kliops/internal/core/services/worker_service.go:60.38,62.4 1 0
github.com/MiltonJ23/Kliops/internal/core/services/worker_service.go:65.3,66.30 2 0
github.com/MiltonJ23/Kliops/internal/core/services/worker_service.go:66.30,79.27 4 0
github.com/MiltonJ23/Kliops/internal/core/services/worker_service.go:79.27,83.5 3 0
github.com/MiltonJ23/Kliops/internal/core/services/worker_service.go:84.4,87.39 3 0
github.com/MiltonJ23/Kliops/internal/core/services/worker_service.go:87.39,91.5 3 0
github.com/MiltonJ23/Kliops/internal/core/services/worker_service.go:94.3,95.65 2 0
github.com/MiltonJ23/Kliops/internal/core/services/worker_service.go:101.80,105.2 3 0
github.com/MiltonJ23/Kliops/cmd/kliops-api/main.go:67.13,68.40 1 0
github.com/MiltonJ23/Kliops/cmd/kliops-api/main.go:68.40,70.3 1 0
github.com/MiltonJ23/Kliops/cmd/kliops-api/main.go:72.2,76.16 4 0
github.com/MiltonJ23/Kliops/cmd/kliops-api/main.go:76.16,78.3 1 0
github.com/MiltonJ23/Kliops/cmd/kliops-api/main.go:80.2,81.16 2 0
github.com/MiltonJ23/Kliops/cmd/kliops-api/main.go:81.16,83.3 1 0
github.com/MiltonJ23/Kliops/cmd/kliops-api/main.go:84.2,88.12 3 0
github.com/MiltonJ23/Kliops/cmd/kliops-api/main.go:88.12,90.94 2 0
github.com/MiltonJ23/Kliops/cmd/kliops-api/main.go:90.94,92.4 1 0
github.com/MiltonJ23/Kliops/cmd/kliops-api/main.go:95.2,101.57 5 0
github.com/MiltonJ23/Kliops/cmd/kliops-api/main.go:101.57,103.3 1 0
github.com/MiltonJ23/Kliops/cmd/kliops-api/main.go:105.2,105.44 1 0
github.com/MiltonJ23/Kliops/cmd/kliops-api/main.go:108.38,137.36 3 1
github.com/MiltonJ23/Kliops/cmd/kliops-api/main.go:137.36,138.18 1 7
github.com/MiltonJ23/Kliops/cmd/kliops-api/main.go:138.18,140.4 1 0
github.com/MiltonJ23/Kliops/cmd/kliops-api/main.go:143.2,143.17 1 1
github.com/MiltonJ23/Kliops/cmd/kliops-api/main.go:146.79,148.16 2 0
github.com/MiltonJ23/Kliops/cmd/kliops-api/main.go:148.16,150.3 1 0
github.com/MiltonJ23/Kliops/cmd/kliops-api/main.go:151.2,151.41 1 0
github.com/MiltonJ23/Kliops/cmd/kliops-api/main.go:151.41,154.3 2 0
github.com/MiltonJ23/Kliops/cmd/kliops-api/main.go:156.2,157.16 2 0
github.com/MiltonJ23/Kliops/cmd/kliops-api/main.go:157.16,160.3 2 0
github.com/MiltonJ23/Kliops/cmd/kliops-api/main.go:162.2,163.16 2 0
github.com/MiltonJ23/Kliops/cmd/kliops-api/main.go:163.16,166.3 2 0
github.com/MiltonJ23/Kliops/cmd/kliops-api/main.go:168.2,172.16 4 0
github.com/MiltonJ23/Kliops/cmd/kliops-api/main.go:172.16,176.3 3 0
github.com/MiltonJ23/Kliops/cmd/kliops-api/main.go:178.2,183.38 6 0
github.com/MiltonJ23/Kliops/cmd/kliops-api/main.go:183.38,185.3 1 0
github.com/MiltonJ23/Kliops/cmd/kliops-api/main.go:185.8,187.3 1 0
github.com/MiltonJ23/Kliops/cmd/kliops-api/main.go:188.2,188.26 1 0
github.com/MiltonJ23/Kliops/cmd/kliops-api/main.go:188.26,190.3 1 0
github.com/MiltonJ23/Kliops/cmd/kliops-api/main.go:192.2,193.16 2 0
github.com/MiltonJ23/Kliops/cmd/kliops-api/main.go:193.16,198.3 4 0
github.com/MiltonJ23/Kliops/cmd/kliops-api/main.go:199.2,205.98 6 0
github.com/MiltonJ23/Kliops/cmd/kliops-api/main.go:205.98,210.3 4 0
github.com/MiltonJ23/Kliops/cmd/kliops-api/main.go:212.2,232.17 6 0
github.com/MiltonJ23/Kliops/cmd/kliops-api/main.go:235.166,254.2 15 1
github.com/MiltonJ23/Kliops/cmd/kliops-api/main.go:256.74,263.2 1 0
github.com/MiltonJ23/Kliops/cmd/kliops-api/main.go:265.78,267.2 1 0
github.com/MiltonJ23/Kliops/cmd/kliops-api/main.go:269.77,271.2 1 0
github.com/MiltonJ23/Kliops/cmd/kliops-api/main.go:273.79,283.31 3 0
github.com/MiltonJ23/Kliops/cmd/kliops-api/main.go:283.31,284.16 1 0
github.com/MiltonJ23/Kliops/cmd/kliops-api/main.go:284.16,286.9 2 0
github.com/MiltonJ23/Kliops/cmd/kliops-api/main.go:290.2,293.4 1 0
github.com/MiltonJ23/Kliops/cmd/kliops-api/main.go:296.73,299.43 3 0
github.com/MiltonJ23/Kliops/cmd/kliops-api/main.go:299.43,301.3 1 0
github.com/MiltonJ23/Kliops/cmd/kliops-api/main.go:302.2,302.51 1 0
github.com/MiltonJ23/Kliops/cmd/kliops-api/main.go:305.70,308.59 3 0
github.com/MiltonJ23/Kliops/cmd/kliops-api/main.go:308.59,310.3 1 0
github.com/MiltonJ23/Kliops/cmd/kliops-api/main.go:311.2,311.48 1 0
github.com/MiltonJ23/Kliops/cmd/kliops-api/main.go:314.54,315.82 1 0
github.com/MiltonJ23/Kliops/cmd/kliops-api/main.go:315.82,317.3 1 0
github.com/MiltonJ23/Kliops/cmd/kliops-api/main.go:318.2,318.51 1 0
github.com/MiltonJ23/Kliops/cmd/kliops-api/main.go:321.52,322.53 1 0
github.com/MiltonJ23/Kliops/cmd/kliops-api/main.go:322.53,324.3 1 0
github.com/MiltonJ23/Kliops/cmd/kliops-api/main.go:325.2,325.75 1 0
github.com/MiltonJ23/Kliops/cmd/kliops-api/main.go:325.75,327.3 1 0
github.com/MiltonJ23/Kliops/cmd/kliops-api/main.go:328.2,328.49 1 0
github.com/MiltonJ23/Kliops/cmd/kliops-api/main.go:331.71,335.16 4 0
github.com/MiltonJ23/Kliops/cmd/kliops-api/main.go:335.16,337.3 1 0
github.com/MiltonJ23/Kliops/cmd/kliops-api/main.go:338.2,339.16 2 0
github.com/MiltonJ23/Kliops/cmd/kliops-api/main.go:339.16,341.3 1 0
github.com/MiltonJ23/Kliops/cmd/kliops-api/main.go:342.2,343.38 2 0
github.com/MiltonJ23/Kliops/cmd/kliops-api/main.go:343.38,345.3 1 0
github.com/MiltonJ23/Kliops/cmd/kliops-api/main.go:346.2,346.49 1 0
github.com/MiltonJ23/Kliops/cmd/kliops-api/main.go:349.31,350.25 1 0
github.com/MiltonJ23/Kliops/cmd/kliops-api/main.go:350.25,351.46 1 0
github.com/MiltonJ23/Kliops/cmd/kliops-api/main.go:351.46,353.4 1 0
github.com/MiltonJ23/Kliops/cmd/kliops-api/main.go:355.2,355.24 1 0
github.com/MiltonJ23/Kliops/cmd/kliops-api/main.go:355.24,356.45 1 0
github.com/MiltonJ23/Kliops/cmd/kliops-api/main.go:356.45,358.4 1 0
github.com/MiltonJ23/Kliops/cmd/kliops-api/main.go:360.2,360.21 1 0
github.com/MiltonJ23/Kliops/cmd/kliops-api/main.go:360.21,362.3 1 0
github.com/MiltonJ23/Kliops/cmd/kliops-api/main.go:365.57,366.71 1 0
github.com/MiltonJ23/Kliops/cmd/kliops-api/main.go:366.71,367.16 1 0
github.com/MiltonJ23/Kliops/cmd/kliops-api/main.go:367.16,368.48 1 0
github.com/MiltonJ23/Kliops/cmd/kliops-api/main.go:368.48,371.5 2 0
github.com/MiltonJ23/Kliops/cmd/kliops-api/main.go:373.3,373.23 1 0
github.com/MiltonJ23/Kliops/cmd/kliops-api/main.go:377.64,380.59 3 0
github.com/MiltonJ23/Kliops/cmd/kliops-api/main.go:380.59,382.3 1 0
github.com/MiltonJ23/Kliops/cmd/kliops-api/main.go:385.48,386.61 1 7
github.com/MiltonJ23/Kliops/cmd/kliops-api/main.go:386.61,388.3 1 0
github.com/MiltonJ23/Kliops/cmd/kliops-api/main.go:389.2,389.17 1 7
github.com/MiltonJ23/Kliops/cmd/kliops-api/main.go:392.35,395.2 2 0
github.com/MiltonJ23/Kliops/cmd/kliops-api/main.go:397.36,398.29 1 0
github.com/MiltonJ23/Kliops/cmd/kliops-api/main.go:398.29,400.3 1 0
github.com/MiltonJ23/Kliops/cmd/kliops-api/main.go:401.2,401.19 1 0
